Release 14.2 - xst P.28xd (nt64)
Copyright (c) 1995-2012 Xilinx, Inc.  All rights reserved.
--> Parameter TMPDIR set to xst/projnav.tmp


Total REAL time to Xst completion: 1.00 secs
Total CPU time to Xst completion: 0.18 secs
 
--> Parameter xsthdpdir set to xst


Total REAL time to Xst completion: 1.00 secs
Total CPU time to Xst completion: 0.18 secs
 
--> Reading design: MAIN_1.prj

TABLE OF CONTENTS
  1) Synthesis Options Summary
  2) HDL Compilation
  3) Design Hierarchy Analysis
  4) HDL Analysis
  5) HDL Synthesis
     5.1) HDL Synthesis Report
  6) Advanced HDL Synthesis
     6.1) Advanced HDL Synthesis Report
  7) Low Level Synthesis
  8) Partition Report
  9) Final Report
	9.1) Device utilization summary
	9.2) Partition Resource Summary
	9.3) TIMING REPORT


=========================================================================
*                      Synthesis Options Summary                        *
=========================================================================
---- Source Parameters
Input File Name                    : "MAIN_1.prj"
Input Format                       : mixed
Ignore Synthesis Constraint File   : NO

---- Target Parameters
Output File Name                   : "MAIN_1"
Output Format                      : NGC
Target Device                      : xc3s250e-5-cp132

---- Source Options
Top Module Name                    : MAIN_1
Automatic FSM Extraction           : YES
FSM Encoding Algorithm             : Auto
Safe Implementation                : No
FSM Style                          : LUT
RAM Extraction                     : Yes
RAM Style                          : Auto
ROM Extraction                     : Yes
Mux Style                          : Auto
Decoder Extraction                 : YES
Priority Encoder Extraction        : Yes
Shift Register Extraction          : YES
Logical Shifter Extraction         : YES
XOR Collapsing                     : YES
ROM Style                          : Auto
Mux Extraction                     : Yes
Resource Sharing                   : YES
Asynchronous To Synchronous        : NO
Multiplier Style                   : Auto
Automatic Register Balancing       : No

---- Target Options
Add IO Buffers                     : YES
Global Maximum Fanout              : 100000
Add Generic Clock Buffer(BUFG)     : 24
Register Duplication               : YES
Slice Packing                      : YES
Optimize Instantiated Primitives   : NO
Use Clock Enable                   : Yes
Use Synchronous Set                : Yes
Use Synchronous Reset              : Yes
Pack IO Registers into IOBs        : Auto
Equivalent register Removal        : YES

---- General Options
Optimization Goal                  : Speed
Optimization Effort                : 1
Keep Hierarchy                     : No
Netlist Hierarchy                  : As_Optimized
RTL Output                         : Yes
Global Optimization                : AllClockNets
Read Cores                         : YES
Write Timing Constraints           : NO
Cross Clock Analysis               : NO
Hierarchy Separator                : /
Bus Delimiter                      : <>
Case Specifier                     : Maintain
Slice Utilization Ratio            : 100
BRAM Utilization Ratio             : 100
Verilog 2001                       : YES
Auto BRAM Packing                  : NO
Slice Utilization Ratio Delta      : 5

=========================================================================


=========================================================================
*                          HDL Compilation                              *
=========================================================================
Compiling verilog file "pwm_42.v" in library work
Compiling verilog file "pwm_4.v" in library work
Module <pwm_42> compiled
Compiling verilog file "PID.v" in library work
Module <pwm_4> compiled
Module <pid_controller> compiled
No errors in compilation
Analysis of file <"MAIN_1.prj"> succeeded.
 
Compiling vhdl file "C:/Xilinx/BLDC_Controller/clk_change.vhf" in Library work.
Architecture behavioral of Entity cj4ce_mxilinx_clk_change is up to date.
Architecture behavioral of Entity clk_change is up to date.
Compiling vhdl file "C:/Xilinx/BLDC_Controller/PWM_VNB.vhf" in Library work.
Architecture behavioral of Entity ftrse_mxilinx_pwm_vnb is up to date.
Architecture behavioral of Entity cb4re_mxilinx_pwm_vnb is up to date.
Architecture behavioral of Entity pwm_v2_muser_pwm_vnb is up to date.
Architecture behavioral of Entity comparator_muser_pwm_vnb is up to date.
Architecture behavioral of Entity pwm_vnb is up to date.
Compiling vhdl file "C:/Xilinx/BLDC_Controller/PWM_V2.vhf" in Library work.
Architecture behavioral of Entity pwm_v2 is up to date.
Compiling vhdl file "C:/Xilinx/BLDC_Controller/PWM_NB_2.vhf" in Library work.
Architecture behavioral of Entity ftrse_mxilinx_pwm_nb_2 is up to date.
Architecture behavioral of Entity cb4re_mxilinx_pwm_nb_2 is up to date.
Architecture behavioral of Entity pwm_v2_muser_pwm_nb_2 is up to date.
Architecture behavioral of Entity comparator_muser_pwm_nb_2 is up to date.
Architecture behavioral of Entity pwm_nb_2 is up to date.
Compiling vhdl file "C:/Xilinx/BLDC_Controller/PWM.vhf" in Library work.
Architecture behavioral of Entity ftce_mxilinx_pwm is up to date.
Architecture behavioral of Entity cb4ce_mxilinx_pwm is up to date.
Architecture behavioral of Entity pwm is up to date.
Compiling vhdl file "C:/Xilinx/BLDC_Controller/MAIN.vhf" in Library work.
Architecture behavioral of Entity commutation_muser_main is up to date.
Architecture behavioral of Entity ftrse_mxilinx_main is up to date.
Architecture behavioral of Entity cb4re_mxilinx_main is up to date.
Architecture behavioral of Entity pwm_v2_muser_main is up to date.
Architecture behavioral of Entity comparator_muser_main is up to date.
Architecture behavioral of Entity pwm_vnb_muser_main is up to date.
Architecture behavioral of Entity or6_mxilinx_main is up to date.
Architecture behavioral of Entity m2_1_mxilinx_main is up to date.
Architecture behavioral of Entity main is up to date.
Compiling vhdl file "C:/Xilinx/BLDC_Controller/DEADTIME.vhf" in Library work.
Architecture behavioral of Entity deadtime is up to date.
Compiling vhdl file "C:/Xilinx/BLDC_Controller/Comparator.vhf" in Library work.
Architecture behavioral of Entity pwm_v2_muser_comparator is up to date.
Architecture behavioral of Entity comparator is up to date.
Compiling vhdl file "C:/Xilinx/BLDC_Controller/MAIN_1.vhf" in Library work.
Entity <commutation_muser_main_1> compiled.
Entity <commutation_muser_main_1> (Architecture <behavioral>) compiled.
Entity <main_1> compiled.
Entity <main_1> (Architecture <behavioral>) compiled.
Compiling vhdl file "C:/Xilinx/BLDC_Controller/Commutation.vhf" in Library work.
Architecture behavioral of Entity commutation is up to date.

=========================================================================
*                     Design Hierarchy Analysis                         *
=========================================================================
Analyzing hierarchy for entity <MAIN_1> in library <work> (architecture <behavioral>).

Analyzing hierarchy for entity <Commutation_MUSER_MAIN_1> in library <work> (architecture <behavioral>).

Analyzing hierarchy for module <pwm_4> in library <work>.

Analyzing hierarchy for module <pwm_42> in library <work>.

Analyzing hierarchy for module <pid_controller> in library <work>.


=========================================================================
*                            HDL Analysis                               *
=========================================================================
Analyzing Entity <MAIN_1> in library <work> (Architecture <behavioral>).
Entity <MAIN_1> analyzed. Unit <MAIN_1> generated.

Analyzing Entity <Commutation_MUSER_MAIN_1> in library <work> (Architecture <behavioral>).
Entity <Commutation_MUSER_MAIN_1> analyzed. Unit <Commutation_MUSER_MAIN_1> generated.

Analyzing module <pwm_4> in library <work>.
Module <pwm_4> is correct for synthesis.
 
Analyzing module <pwm_42> in library <work>.
Module <pwm_42> is correct for synthesis.
 
Analyzing module <pid_controller> in library <work>.
Module <pid_controller> is correct for synthesis.
 

=========================================================================
*                           HDL Synthesis                               *
=========================================================================

Performing bidirectional port resolution...

Synthesizing Unit <pwm_4>.
    Related source file is "pwm_4.v".
    Found 9-bit up counter for signal <Qn>.
    Found 9-bit comparator less for signal <Qn$cmp_lt0000> created at line 41.
    Found 1-bit register for signal <S>.
    Found 9-bit comparator less for signal <S$cmp_lt0000> created at line 51.
    Found 1-bit register for signal <Temp>.
    Found 9-bit comparator greatequal for signal <Temp$cmp_ge0000> created at line 51.
    Summary:
	inferred   1 Counter(s).
	inferred   2 D-type flip-flop(s).
	inferred   3 Comparator(s).
Unit <pwm_4> synthesized.


Synthesizing Unit <pwm_42>.
    Related source file is "pwm_42.v".
    Found 9-bit up counter for signal <Qn>.
    Found 9-bit comparator less for signal <Qn$cmp_lt0000> created at line 41.
    Found 1-bit register for signal <S>.
    Found 9-bit comparator greatequal for signal <S$cmp_ge0000> created at line 51.
    Found 1-bit register for signal <Temp>.
    Found 9-bit comparator less for signal <Temp$cmp_lt0000> created at line 51.
    Summary:
	inferred   1 Counter(s).
	inferred   2 D-type flip-flop(s).
	inferred   3 Comparator(s).
Unit <pwm_42> synthesized.


Synthesizing Unit <pid_controller>.
    Related source file is "PID.v".
WARNING:Xst:647 - Input <current_vel<8:6>> is never used. This port will be preserved and left unconnected if it belongs to a top-level block or it belongs to a sub-block and the hierarchy of this sub-block is preserved.
WARNING:Xst:653 - Signal <target_vel_r> is used but never assigned. This sourceless signal will be automatically connected to value 011001000.
WARNING:Xst:646 - Signal <current_vel_r> is assigned but never used. This unconnected signal will be trimmed during the optimization process.
WARNING:Xst:646 - Signal <Kp_r> is assigned but never used. This unconnected signal will be trimmed during the optimization process.
WARNING:Xst:646 - Signal <Kd_r> is assigned but never used. This unconnected signal will be trimmed during the optimization process.
WARNING:Xst:643 - "PID.v" line 34: The result of a 10x5-bit multiplication is partially used. Only the 9 least significant bits are used. If you are doing this on purpose, you may safely ignore this warning. Otherwise, make sure you are not losing information, leading to unexpected circuit behavior.
WARNING:Xst:643 - "PID.v" line 34: The result of a 10x5-bit multiplication is partially used. Only the 9 least significant bits are used. If you are doing this on purpose, you may safely ignore this warning. Otherwise, make sure you are not losing information, leading to unexpected circuit behavior.
    Found 9-bit register for signal <vel_output>.
    Found 10-bit register for signal <error>.
    Found 10-bit register for signal <error_diff>.
    Found 10-bit subtractor for signal <error_diff$sub0000> created at line 50.
    Found 10-bit register for signal <prev_error>.
    Found 9-bit adder for signal <vel_output_w>.
    Found 10x5-bit multiplier for signal <vel_output_w$mult0002> created at line 34.
    Found 10x5-bit multiplier for signal <vel_output_w$mult0003> created at line 34.
    Summary:
	inferred  39 D-type flip-flop(s).
	inferred   3 Adder/Subtractor(s).
	inferred   2 Multiplier(s).
Unit <pid_controller> synthesized.


Synthesizing Unit <Commutation_MUSER_MAIN_1>.
    Related source file is "C:/Xilinx/BLDC_Controller/MAIN_1.vhf".
Unit <Commutation_MUSER_MAIN_1> synthesized.


Synthesizing Unit <MAIN_1>.
    Related source file is "C:/Xilinx/BLDC_Controller/MAIN_1.vhf".
Unit <MAIN_1> synthesized.


=========================================================================
HDL Synthesis Report

Macro Statistics
# Multipliers                                          : 2
 10x5-bit multiplier                                   : 2
# Adders/Subtractors                                   : 3
 10-bit subtractor                                     : 2
 9-bit adder                                           : 1
# Counters                                             : 2
 9-bit up counter                                      : 2
# Registers                                            : 8
 1-bit register                                        : 4
 10-bit register                                       : 3
 9-bit register                                        : 1
# Comparators                                          : 6
 9-bit comparator greatequal                           : 2
 9-bit comparator less                                 : 4

=========================================================================

=========================================================================
*                       Advanced HDL Synthesis                          *
=========================================================================


Synthesizing (advanced) Unit <pid_controller>.
	Found pipelined multiplier on signal <vel_output_w_mult0003>:
		- 1 pipeline level(s) found in a register on signal <error_diff>.
		Pushing register(s) into the multiplier macro.
	Found pipelined multiplier on signal <vel_output_w_mult0002>:
		- 1 pipeline level(s) found in a register on signal <error>.
		Pushing register(s) into the multiplier macro.
INFO:Xst:2385 - HDL ADVISOR - You can improve the performance of the multiplier Mmult_vel_output_w_mult0003 by adding 1 register level(s).
INFO:Xst:2385 - HDL ADVISOR - You can improve the performance of the multiplier Mmult_vel_output_w_mult0002 by adding 1 register level(s).
Unit <pid_controller> synthesized (advanced).

=========================================================================
Advanced HDL Synthesis Report

Macro Statistics
# Multipliers                                          : 2
 10x5-bit registered multiplier                        : 2
# Adders/Subtractors                                   : 3
 10-bit subtractor                                     : 2
 9-bit adder                                           : 1
# Counters                                             : 2
 9-bit up counter                                      : 2
# Registers                                            : 23
 Flip-Flops                                            : 23
# Comparators                                          : 6
 9-bit comparator greatequal                           : 2
 9-bit comparator less                                 : 4

=========================================================================

=========================================================================
*                         Low Level Synthesis                           *
=========================================================================
WARNING:Xst:1293 - FF/Latch <prev_error_8> has a constant value of 0 in block <pid_controller>. This FF/Latch will be trimmed during the optimization process.
WARNING:Xst:1896 - Due to other FF/Latch trimming, FF/Latch <prev_error_9> has a constant value of 0 in block <pid_controller>. This FF/Latch will be trimmed during the optimization process.

Optimizing unit <MAIN_1> ...

Optimizing unit <pwm_4> ...

Optimizing unit <pwm_42> ...

Optimizing unit <pid_controller> ...

Optimizing unit <Commutation_MUSER_MAIN_1> ...
WARNING:Xst:1426 - The value init of the FF/Latch XLXI_198/prev_error_7 hinder the constant cleaning in the block MAIN_1.
   You should achieve better results by setting this init to 1.

Mapping all equations...
Building and optimizing final netlist ...
Found area constraint ratio of 100 (+ 5) on block MAIN_1, actual ratio is 1.

Final Macro Processing ...

=========================================================================
Final Register Report

Macro Statistics
# Registers                                            : 39
 Flip-Flops                                            : 39

=========================================================================

=========================================================================
*                           Partition Report                            *
=========================================================================

Partition Implementation Status
-------------------------------

  No Partitions were found in this design.

-------------------------------

=========================================================================
*                            Final Report                               *
=========================================================================
Final Results
RTL Top Level Output File Name     : MAIN_1.ngr
Top Level Output File Name         : MAIN_1
Output Format                      : NGC
Optimization Goal                  : Speed
Keep Hierarchy                     : No

Design Statistics
# IOs                              : 27

Cell Usage :
# BELS                             : 197
#      AND2                        : 3
#      GND                         : 1
#      INV                         : 10
#      LUT1                        : 17
#      LUT2                        : 34
#      LUT2_L                      : 1
#      LUT3                        : 8
#      LUT4                        : 12
#      LUT4_L                      : 2
#      MULT_AND                    : 1
#      MUXCY                       : 51
#      MUXF5                       : 1
#      MUXF8                       : 12
#      OR2                         : 4
#      OR3                         : 2
#      VCC                         : 1
#      XORCY                       : 37
# FlipFlops/Latches                : 39
#      FDE                         : 11
#      FDR                         : 28
# Clock Buffers                    : 1
#      BUFGP                       : 1
# IO Buffers                       : 23
#      IBUF                        : 17
#      OBUF                        : 6
# MULTs                            : 2
#      MULT18X18SIO                : 2
=========================================================================

Device utilization summary:
---------------------------

Selected Device : 3s250ecp132-5 

 Number of Slices:                       46  out of   2448     1%  
 Number of Slice Flip Flops:             39  out of   4896     0%  
 Number of 4 input LUTs:                 84  out of   4896     1%  
 Number of IOs:                          27
 Number of bonded IOBs:                  24  out of     92    26%  
 Number of MULT18X18SIOs:                 2  out of     12    16%  
 Number of GCLKs:                         1  out of     24     4%  

---------------------------
Partition Resource Summary:
---------------------------

  No Partitions were found in this design.

---------------------------


=========================================================================
TIMING REPORT

NOTE: THESE TIMING NUMBERS ARE ONLY A SYNTHESIS ESTIMATE.
      FOR ACCURATE TIMING INFORMATION PLEASE REFER TO THE TRACE REPORT
      GENERATED AFTER PLACE-and-ROUTE.

Clock Information:
------------------
-----------------------------------+------------------------+-------+
Clock Signal                       | Clock buffer(FF name)  | Load  |
-----------------------------------+------------------------+-------+
CLK                                | BUFGP                  | 41    |
-----------------------------------+------------------------+-------+

Asynchronous Control Signals Information:
----------------------------------------
No asynchronous control signals found in this design

Timing Summary:
---------------
Speed Grade: -5

   Minimum period: 6.432ns (Maximum Frequency: 155.473MHz)
   Minimum input arrival time before clock: 7.830ns
   Maximum output required time after clock: 6.315ns
   Maximum combinational path delay: 8.255ns

Timing Detail:
--------------
All values displayed in nanoseconds (ns)

=========================================================================
Timing constraint: Default period analysis for Clock 'CLK'
  Clock period: 6.432ns (frequency: 155.473MHz)
  Total number of paths / destination ports: 656 / 69
-------------------------------------------------------------------------
Delay:               6.432ns (Levels of Logic = 3)
  Source:            XLXI_198/Mmult_vel_output_w_mult0002 (MULT)
  Destination:       XLXI_198/vel_output_8 (FF)
  Source Clock:      CLK rising
  Destination Clock: CLK rising

  Data Path: XLXI_198/Mmult_vel_output_w_mult0002 to XLXI_198/vel_output_8
                                Gate     Net
    Cell:in->out      fanout   Delay   Delay  Logical Name (Net Name)
    ----------------------------------------  ------------
     MULT18X18SIO:CLK->P7    1   3.940   0.509  XLXI_198/Mmult_vel_output_w_mult0002 (XLXI_198/vel_output_w_mult0002<7>)
     LUT2:I0->O            1   0.612   0.000  XLXI_198/Madd_vel_output_w_lut<7> (XLXI_198/Madd_vel_output_w_lut<7>)
     MUXCY:S->O            0   0.404   0.000  XLXI_198/Madd_vel_output_w_cy<7> (XLXI_198/Madd_vel_output_w_cy<7>)
     XORCY:CI->O           1   0.699   0.000  XLXI_198/Madd_vel_output_w_xor<8> (XLXI_198/vel_output_w<8>)
     FDE:D                     0.268          XLXI_198/vel_output_8
    ----------------------------------------
    Total                      6.432ns (5.923ns logic, 0.509ns route)
                                       (92.1% logic, 7.9% route)

=========================================================================
Timing constraint: Default OFFSET IN BEFORE for Clock 'CLK'
  Total number of paths / destination ports: 1279 / 63
-------------------------------------------------------------------------
Offset:              7.830ns (Levels of Logic = 6)
  Source:            H3 (PAD)
  Destination:       XLXI_187/Qn_8 (FF)
  Destination Clock: CLK rising

  Data Path: H3 to XLXI_187/Qn_8
                                Gate     Net
    Cell:in->out      fanout   Delay   Delay  Logical Name (Net Name)
    ----------------------------------------  ------------
     IBUF:I->O             3   1.106   0.451  H3_IBUF (H3_IBUF)
     INV:I->O              2   0.612   0.380  XLXI_71/XLXI_26 (XLXI_71/XLXN_58)
     OR2:I1->O             2   0.612   0.380  XLXI_71/XLXI_29 (XLXN_171)
     INV:I->O              1   0.612   0.357  XLXI_160 (XLXN_289)
     OR3:I0->O             3   0.612   0.603  XLXI_189 (XLXN_335)
     LUT3:I0->O            9   0.612   0.697  XLXI_187/Qn_not000120 (XLXI_187/Qn_not0001)
     FDR:R                     0.795          XLXI_187/Qn_0
    ----------------------------------------
    Total                      7.830ns (4.961ns logic, 2.869ns route)
                                       (63.4% logic, 36.6% route)

=========================================================================
Timing constraint: Default OFFSET OUT AFTER for Clock 'CLK'
  Total number of paths / destination ports: 18 / 6
-------------------------------------------------------------------------
Offset:              6.315ns (Levels of Logic = 3)
  Source:            XLXI_187/Temp (FF)
  Destination:       AA (PAD)
  Source Clock:      CLK rising

  Data Path: XLXI_187/Temp to AA
                                Gate     Net
    Cell:in->out      fanout   Delay   Delay  Logical Name (Net Name)
    ----------------------------------------  ------------
     FDE:C->Q              1   0.514   0.357  XLXI_187/Temp (XLXI_187/Temp)
     OR2:I0->O             6   0.612   0.569  XLXI_192 (XLXN_364)
     MUXF8:S->O            1   0.737   0.357  XLXI_132 (A_OBUF)
     OBUF:I->O                 3.169          A_OBUF (A)
    ----------------------------------------
    Total                      6.315ns (5.032ns logic, 1.283ns route)
                                       (79.7% logic, 20.3% route)

=========================================================================
Timing constraint: Default path analysis
  Total number of paths / destination ports: 12 / 6
-------------------------------------------------------------------------
Delay:               8.255ns (Levels of Logic = 6)
  Source:            H1 (PAD)
  Destination:       AA (PAD)

  Data Path: H1 to AA
                                Gate     Net
    Cell:in->out      fanout   Delay   Delay  Logical Name (Net Name)
    ----------------------------------------  ------------
     IBUF:I->O             3   1.106   0.451  H1_IBUF (H1_IBUF)
     INV:I->O              2   0.612   0.380  XLXI_71/XLXI_24 (XLXI_71/XLXN_59)
     OR2:I1->O             2   0.612   0.380  XLXI_71/XLXI_27 (XLXN_167)
     MUXF8:S->O            1   0.737   0.000  XLXI_108 (XLXN_267)
     MUXF8:I0->O           1   0.451   0.357  XLXI_132 (A_OBUF)
     OBUF:I->O                 3.169          A_OBUF (A)
    ----------------------------------------
    Total                      8.255ns (6.687ns logic, 1.568ns route)
                                       (81.0% logic, 19.0% route)

=========================================================================


Total REAL time to Xst completion: 13.00 secs
Total CPU time to Xst completion: 12.93 secs
 
--> 

Total memory usage is 310824 kilobytes

Number of errors   :    0 (   0 filtered)
Number of warnings :   10 (   0 filtered)
Number of infos    :    2 (   0 filtered)

